[2023-06-12 14:46:04,634][root][INFO] - Using config: 
model:
  name: bert
  name_hf: bert-base-cased
  n_epochs: 5
  batch_size: 20
  optimizer:
    name: AdamW
    lr: 5.0e-05
    lr_scheduler: linear_warmup
    warmup_ratio: 0.05
    weight_decay: 0.01
al_strategy:
  name: entropy
  subset_size: 10000
dataset:
  name: banks77
  name_hf: banking77
  n_classes: 77
  train_subset: null
  test_subset: null
al_cycle:
  n_init: 100
  acq_size: 100
  n_acq: 10
  cold_start: true
  init_pool_file: null
wandb:
  project: active-glae
  entity: dal-nlp
  group: default
  reinit: true
  mode: disabled
dataset_path: ~/data_glae/
device: cuda
val_split: 0
random_seed: 0
val_batch_size: 128
print_freq_eval: 25
print_freq_train: 25
check_freq_model: 15
output_dir: ~/output_glae/

[2023-06-12 14:46:04,731][root][INFO] - Building dataset banks77
[2023-06-12 14:46:05,965][datasets.builder][WARNING] - Found cached dataset banking77 (/home/lukas/data_glae/banking77/default/1.1.0/9898c11f6afa9521953d2ef205667b527bad14ef9cab445d470f16240c8c8ec4)
[2023-06-12 14:46:06,989][datasets.builder][WARNING] - Found cached dataset banking77 (/home/lukas/data_glae/banking77/default/1.1.0/9898c11f6afa9521953d2ef205667b527bad14ef9cab445d470f16240c8c8ec4)
[2023-06-12 14:46:07,981][datasets.arrow_dataset][WARNING] - Loading cached processed dataset at /home/lukas/data_glae/banking77/default/1.1.0/9898c11f6afa9521953d2ef205667b527bad14ef9cab445d470f16240c8c8ec4/cache-f3318578fe06180b_*_of_00004.arrow
[2023-06-12 14:46:08,952][datasets.arrow_dataset][WARNING] - Loading cached processed dataset at /home/lukas/data_glae/banking77/default/1.1.0/9898c11f6afa9521953d2ef205667b527bad14ef9cab445d470f16240c8c8ec4/cache-c547f2620f526de2_*_of_00004.arrow
[2023-06-12 14:46:08,987][root][INFO] - Creating random initial labeled pool with 100 samples.
[2023-06-12 14:46:08,988][root][INFO] - Building model: bert
[2023-06-12 14:46:09,817][root][INFO] - Building query strategy: entropy
[2023-06-12 14:46:09,818][root][INFO] - Starting AL iteration 0 / 10
[2023-06-12 14:46:09,818][root][INFO] - Starting AL iteration 1 / 10
[2023-06-12 14:46:09,818][root][INFO] - Querying 100 samples with strategy entropy
