[2023-06-07 15:55:45,398][root][INFO] - Using config: 
model:
  name: bert
  name_hf: bert-base-cased
  n_epochs: 5
  batch_size: 20
  optimizer:
    name: AdamW
    lr: 5.0e-05
    lr_scheduler: linear_warmup
    warmup_ratio: 0.05
    weight_decay: 0.01
al_strategy:
  name: uncertainty
  uncertainty_type: entropy
  subset_size: 10000
dataset:
  name: banks77
  name_hf: banking77
  n_classes: 77
  train_subset: 0
  test_subset: 0
  path: ~/hf_datasets
al_cycle:
  n_init: 100
  acq_size: 100
  n_acq: 10
  cold_start: true
  init_pool_file: null
wandb:
  project: active-glae
  entity: dal-nlp
  group: default
  reinit: true
  mode: disabled
dataset_path: ~/data_glae/
device: cuda
val_split: 0
random_seed: 0
val_batch_size: 128
print_freq_eval: 25
print_freq_train: 25
check_freq_model: 15
output_dir: ~/output_glae/

[2023-06-07 15:55:45,495][root][INFO] - Building dataset banks77
[2023-06-07 15:55:46,761][datasets.builder][WARNING] - Found cached dataset banking77 (/home/lukas/data_glae/banking77/default/1.1.0/9898c11f6afa9521953d2ef205667b527bad14ef9cab445d470f16240c8c8ec4)
[2023-06-07 15:55:47,936][datasets.builder][WARNING] - Found cached dataset banking77 (/home/lukas/data_glae/banking77/default/1.1.0/9898c11f6afa9521953d2ef205667b527bad14ef9cab445d470f16240c8c8ec4)
[2023-06-07 15:55:48,904][datasets.arrow_dataset][WARNING] - Loading cached processed dataset at /home/lukas/data_glae/banking77/default/1.1.0/9898c11f6afa9521953d2ef205667b527bad14ef9cab445d470f16240c8c8ec4/cache-f3318578fe06180b_*_of_00004.arrow
[2023-06-07 15:55:49,906][datasets.arrow_dataset][WARNING] - Loading cached processed dataset at /home/lukas/data_glae/banking77/default/1.1.0/9898c11f6afa9521953d2ef205667b527bad14ef9cab445d470f16240c8c8ec4/cache-c547f2620f526de2_*_of_00004.arrow
[2023-06-07 15:55:49,949][root][INFO] - Creating random initial labeled pool with 100 samples.
[2023-06-07 15:56:16,135][root][INFO] - Building model: bert
